000 (249261.000.000) 2024-04-09 13:11:13 Job submitted from host: <128.104.100.148:9618?addrs=128.104.100.148-9618+[2607-f388-107c-501-216-3eff-feb2-bc11]-9618&alias=learn.chtc.wisc.edu&noUDP&sock=schedd_1351356_64bc>
    DAG Node: 1
...
000 (249261.001.000) 2024-04-09 13:11:13 Job submitted from host: <128.104.100.148:9618?addrs=128.104.100.148-9618+[2607-f388-107c-501-216-3eff-feb2-bc11]-9618&alias=learn.chtc.wisc.edu&noUDP&sock=schedd_1351356_64bc>
    DAG Node: 1
...
000 (249261.002.000) 2024-04-09 13:11:13 Job submitted from host: <128.104.100.148:9618?addrs=128.104.100.148-9618+[2607-f388-107c-501-216-3eff-feb2-bc11]-9618&alias=learn.chtc.wisc.edu&noUDP&sock=schedd_1351356_64bc>
    DAG Node: 1
...
000 (249261.003.000) 2024-04-09 13:11:13 Job submitted from host: <128.104.100.148:9618?addrs=128.104.100.148-9618+[2607-f388-107c-501-216-3eff-feb2-bc11]-9618&alias=learn.chtc.wisc.edu&noUDP&sock=schedd_1351356_64bc>
    DAG Node: 1
...
000 (249261.004.000) 2024-04-09 13:11:13 Job submitted from host: <128.104.100.148:9618?addrs=128.104.100.148-9618+[2607-f388-107c-501-216-3eff-feb2-bc11]-9618&alias=learn.chtc.wisc.edu&noUDP&sock=schedd_1351356_64bc>
    DAG Node: 1
...
001 (249261.002.000) 2024-04-09 13:11:53 Job executing on host: <128.105.69.100:9618?addrs=128.105.69.100-9618+[2607-f388-2200-100-1270-fdff-fe56-4634]-9618&alias=e4011.chtc.wisc.edu&noUDP&sock=startd_3796853_ed83>
	SlotName: slot1_34@e4011.chtc.wisc.edu
	CondorScratchDir = "/var/lib/condor/execute/slot1/dir_3849114"
	Cpus = 1
	Disk = 1209225
	GPUs = 0
	IoHeavy = 0
	Memory = 1024
...
001 (249261.003.000) 2024-04-09 13:11:53 Job executing on host: <128.105.69.171:9618?addrs=128.105.69.171-9618+[2607-f388-2200-100-1270-fdff-fe56-76ac]-9618&alias=e2554.chtc.wisc.edu&noUDP&sock=startd_12718_1192>
	SlotName: slot1_39@e2554.chtc.wisc.edu
	CondorScratchDir = "/var/lib/condor/execute/slot1/dir_900241"
	Cpus = 1
	Disk = 1209225
	GPUs = 0
	IoHeavy = 0
	Memory = 1024
...
001 (249261.004.000) 2024-04-09 13:11:53 Job executing on host: <128.105.69.215:9618?addrs=128.105.69.215-9618+[2607-f388-2200-100-eaeb-d3ff-fe40-154c]-9618&alias=e2598.chtc.wisc.edu&noUDP&sock=startd_16224_e49d>
	SlotName: slot1_5@e2598.chtc.wisc.edu
	CondorScratchDir = "/var/lib/condor/execute/slot1/dir_1694381"
	Cpus = 1
	Disk = 1280055
	GPUs = 0
	IoHeavy = 0
	Memory = 1024
...
001 (249261.001.000) 2024-04-09 13:11:53 Job executing on host: <128.105.69.172:9618?addrs=128.105.69.172-9618+[2607-f388-2200-100-1270-fdff-fe56-7104]-9618&alias=e2555.chtc.wisc.edu&noUDP&sock=startd_18242_12bb>
	SlotName: slot1_59@e2555.chtc.wisc.edu
	CondorScratchDir = "/var/lib/condor/execute/slot1/dir_1895618"
	Cpus = 1
	Disk = 1209225
	GPUs = 0
	IoHeavy = 0
	Memory = 1024
...
001 (249261.000.000) 2024-04-09 13:11:53 Job executing on host: <128.105.69.222:9618?addrs=128.105.69.222-9618+[2607-f388-2200-100-eaeb-d3ff-fe40-1d3c]-9618&alias=e2605.chtc.wisc.edu&noUDP&sock=startd_17558_e7f3>
	SlotName: slot1_26@e2605.chtc.wisc.edu
	CondorScratchDir = "/var/lib/condor/execute/slot1/dir_3635575"
	Cpus = 1
	Disk = 1460020
	GPUs = 0
	IoHeavy = 0
	Memory = 1024
...
005 (249261.003.000) 2024-04-09 13:11:53 Job terminated.
	(1) Normal termination (return value 0)
		Usr 0 00:00:00, Sys 0 00:00:00  -  Run Remote Usage
		Usr 0 00:00:00, Sys 0 00:00:00  -  Run Local Usage
		Usr 0 00:00:00, Sys 0 00:00:00  -  Total Remote Usage
		Usr 0 00:00:00, Sys 0 00:00:00  -  Total Local Usage
	986557  -  Run Bytes Sent By Job
	1057020  -  Run Bytes Received By Job
	986557  -  Total Bytes Sent By Job
	1057020  -  Total Bytes Received By Job
	Partitionable Resources :    Usage  Request Allocated 
	   Cpus                 :        0        1         1 
	   Disk (KB)            :     2022     1024   1209225 
	   GPUs                 :                           0 
	   IoHeavy              :                           0 
	   Memory (MB)          :        3     1024      1024 
	   TimeExecute (s)      :        0                    
	   TimeSlotBusy (s)     :        1                    

	Job terminated of its own accord at 2024-04-09T18:11:53Z with exit-code 0.
...
005 (249261.002.000) 2024-04-09 13:11:53 Job terminated.
	(1) Normal termination (return value 0)
		Usr 0 00:00:00, Sys 0 00:00:00  -  Run Remote Usage
		Usr 0 00:00:00, Sys 0 00:00:00  -  Run Local Usage
		Usr 0 00:00:00, Sys 0 00:00:00  -  Total Remote Usage
		Usr 0 00:00:00, Sys 0 00:00:00  -  Total Local Usage
	982995  -  Run Bytes Sent By Job
	1057066  -  Run Bytes Received By Job
	982995  -  Total Bytes Sent By Job
	1057066  -  Total Bytes Received By Job
	Partitionable Resources :    Usage  Request Allocated 
	   Cpus                 :        0        1         1 
	   Disk (KB)            :     2018     1024   1209225 
	   GPUs                 :                           0 
	   IoHeavy              :                           0 
	   Memory (MB)          :        3     1024      1024 
	   TimeExecute (s)      :        0                    
	   TimeSlotBusy (s)     :        1                    

	Job terminated of its own accord at 2024-04-09T18:11:53Z with exit-code 0.
...
005 (249261.001.000) 2024-04-09 13:11:53 Job terminated.
	(1) Normal termination (return value 0)
		Usr 0 00:00:00, Sys 0 00:00:00  -  Run Remote Usage
		Usr 0 00:00:00, Sys 0 00:00:00  -  Run Local Usage
		Usr 0 00:00:00, Sys 0 00:00:00  -  Total Remote Usage
		Usr 0 00:00:00, Sys 0 00:00:00  -  Total Local Usage
	978788  -  Run Bytes Sent By Job
	1057031  -  Run Bytes Received By Job
	978788  -  Total Bytes Sent By Job
	1057031  -  Total Bytes Received By Job
	Partitionable Resources :    Usage  Request Allocated 
	   Cpus                 :        0        1         1 
	   Disk (KB)            :     2014     1024   1209225 
	   GPUs                 :                           0 
	   IoHeavy              :                           0 
	   Memory (MB)          :        2     1024      1024 
	   TimeExecute (s)      :        0                    
	   TimeSlotBusy (s)     :        1                    

	Job terminated of its own accord at 2024-04-09T18:11:53Z with exit-code 0.
...
005 (249261.000.000) 2024-04-09 13:11:54 Job terminated.
	(1) Normal termination (return value 0)
		Usr 0 00:00:00, Sys 0 00:00:00  -  Run Remote Usage
		Usr 0 00:00:00, Sys 0 00:00:00  -  Run Local Usage
		Usr 0 00:00:00, Sys 0 00:00:00  -  Total Remote Usage
		Usr 0 00:00:00, Sys 0 00:00:00  -  Total Local Usage
	977739  -  Run Bytes Sent By Job
	1057084  -  Run Bytes Received By Job
	977739  -  Total Bytes Sent By Job
	1057084  -  Total Bytes Received By Job
	Partitionable Resources :    Usage  Request Allocated 
	   Cpus                 :        0        1         1 
	   Disk (KB)            :     2013     1024   1460020 
	   GPUs                 :                           0 
	   IoHeavy              :                           0 
	   Memory (MB)          :        2     1024      1024 
	   TimeExecute (s)      :        0                    
	   TimeSlotBusy (s)     :        1                    

	Job terminated of its own accord at 2024-04-09T18:11:53Z with exit-code 0.
...
005 (249261.004.000) 2024-04-09 13:11:54 Job terminated.
	(1) Normal termination (return value 0)
		Usr 0 00:00:00, Sys 0 00:00:00  -  Run Remote Usage
		Usr 0 00:00:00, Sys 0 00:00:00  -  Run Local Usage
		Usr 0 00:00:00, Sys 0 00:00:00  -  Total Remote Usage
		Usr 0 00:00:00, Sys 0 00:00:00  -  Total Local Usage
	974352  -  Run Bytes Sent By Job
	1057039  -  Run Bytes Received By Job
	974352  -  Total Bytes Sent By Job
	1057039  -  Total Bytes Received By Job
	Partitionable Resources :    Usage  Request Allocated 
	   Cpus                 :        0        1         1 
	   Disk (KB)            :     2010     1024   1280055 
	   GPUs                 :                           0 
	   IoHeavy              :                           0 
	   Memory (MB)          :        2     1024      1024 
	   TimeExecute (s)      :        0                    
	   TimeSlotBusy (s)     :        1                    

	Job terminated of its own accord at 2024-04-09T18:11:53Z with exit-code 0.
...
016 (249261.000.000) 2024-04-09 13:11:58 POST Script terminated.
	(1) Normal termination (return value 0)
    DAG Node: 1
...
